Using pre-set license
Built from '2021.3/staging' branch; Version is '2021.3.14f1 (eee1884e7226) revision 15655304'; Using compiler version '192829333'; Build Type 'Release'
OS: 'Windows 10  (10.0.19044) 64bit Core' Language: 'en' Physical Memory: 32559 MB
BatchMode: 1, IsHumanControllingUs: 0, StartBugReporterOnCrash: 0, Is64bit: 1, IsPro: 1

COMMAND LINE ARGUMENTS:
C:\Program Files\Unity\Hub\Editor\2021.3.14f1\Editor\Unity.exe
-adb2
-batchMode
-noUpm
-name
AssetImportWorker2
-projectPath
C:/Users/Craig/workspace/Unity/Restaurateur
-logFile
Logs/AssetImportWorker2.log
-srvPort
50578
Successfully changed project path to: C:/Users/Craig/workspace/Unity/Restaurateur
C:/Users/Craig/workspace/Unity/Restaurateur
[UnityMemory] Configuration Parameters - Can be set up in boot.config
    "memorysetup-bucket-allocator-granularity=16"
    "memorysetup-bucket-allocator-bucket-count=8"
    "memorysetup-bucket-allocator-block-size=33554432"
    "memorysetup-bucket-allocator-block-count=8"
    "memorysetup-main-allocator-block-size=16777216"
    "memorysetup-thread-allocator-block-size=16777216"
    "memorysetup-gfx-main-allocator-block-size=16777216"
    "memorysetup-gfx-thread-allocator-block-size=16777216"
    "memorysetup-cache-allocator-block-size=4194304"
    "memorysetup-typetree-allocator-block-size=2097152"
    "memorysetup-profiler-bucket-allocator-granularity=16"
    "memorysetup-profiler-bucket-allocator-bucket-count=8"
    "memorysetup-profiler-bucket-allocator-block-size=33554432"
    "memorysetup-profiler-bucket-allocator-block-count=8"
    "memorysetup-profiler-allocator-block-size=16777216"
    "memorysetup-profiler-editor-allocator-block-size=1048576"
    "memorysetup-temp-allocator-size-main=16777216"
    "memorysetup-job-temp-allocator-block-size=2097152"
    "memorysetup-job-temp-allocator-block-size-background=1048576"
    "memorysetup-job-temp-allocator-reduction-small-platforms=262144"
    "memorysetup-temp-allocator-size-background-worker=32768"
    "memorysetup-temp-allocator-size-job-worker=262144"
    "memorysetup-temp-allocator-size-preload-manager=33554432"
    "memorysetup-temp-allocator-size-nav-mesh-worker=65536"
    "memorysetup-temp-allocator-size-audio-worker=65536"
    "memorysetup-temp-allocator-size-cloud-worker=32768"
    "memorysetup-temp-allocator-size-gi-baking-worker=262144"
    "memorysetup-temp-allocator-size-gfx=262144"
Refreshing native plugins compatible for Editor in 205.74 ms, found 3 plugins.
Preloading 0 native plugins for Editor in 0.00 ms.
Initialize engine version: 2021.3.14f1 (eee1884e7226)
[Subsystems] Discovering subsystems at path C:/Program Files/Unity/Hub/Editor/2021.3.14f1/Editor/Data/Resources/UnitySubsystems
[Subsystems] Discovering subsystems at path C:/Users/Craig/workspace/Unity/Restaurateur/Assets
GfxDevice: creating device client; threaded=0; jobified=0
Direct3D:
    Version:  Direct3D 11.0 [level 11.1]
    Renderer: NVIDIA GeForce RTX 3070 Ti (ID=0x2482)
    Vendor:   NVIDIA
    VRAM:     8041 MB
    Driver:   31.0.15.1694
Initialize mono
Mono path[0] = 'C:/Program Files/Unity/Hub/Editor/2021.3.14f1/Editor/Data/Managed'
Mono path[1] = 'C:/Program Files/Unity/Hub/Editor/2021.3.14f1/Editor/Data/MonoBleedingEdge/lib/mono/unityjit-win32'
Mono config path = 'C:/Program Files/Unity/Hub/Editor/2021.3.14f1/Editor/Data/MonoBleedingEdge/etc'
Using monoOptions --debugger-agent=transport=dt_socket,embedding=1,server=y,suspend=n,address=127.0.0.1:56456
Begin MonoManager ReloadAssembly
Registering precompiled unity dll's ...
Register platform support module: C:/Program Files/Unity/Hub/Editor/2021.3.14f1/Editor/Data/PlaybackEngines/WindowsStandaloneSupport/UnityEditor.WindowsStandalone.Extensions.dll
Registered in 0.007255 seconds.
Native extension for WindowsStandalone target not found
Refreshing native plugins compatible for Editor in 193.19 ms, found 3 plugins.
Preloading 0 native plugins for Editor in 0.00 ms.
Mono: successfully reloaded assembly
- Completed reload, in  0.831 seconds
Domain Reload Profiling:
	ReloadAssembly (831ms)
		BeginReloadAssembly (90ms)
			ExecutionOrderSort (0ms)
			DisableScriptedObjects (0ms)
			BackupInstance (0ms)
			ReleaseScriptingObjects (0ms)
			CreateAndSetChildDomain (1ms)
		EndReloadAssembly (608ms)
			LoadAssemblies (88ms)
			RebuildTransferFunctionScriptingTraits (0ms)
			SetupTypeCache (103ms)
			ReleaseScriptCaches (0ms)
			RebuildScriptCaches (33ms)
			SetupLoadedEditorAssemblies (414ms)
				LogAssemblyErrors (0ms)
				InitializePlatformSupportModulesInManaged (10ms)
				SetLoadedEditorAssemblies (0ms)
				RefreshPlugins (193ms)
				BeforeProcessingInitializeOnLoad (2ms)
				ProcessInitializeOnLoadAttributes (158ms)
				ProcessInitializeOnLoadMethodAttributes (51ms)
				AfterProcessingInitializeOnLoad (0ms)
				EditorAssembliesLoaded (0ms)
			ExecutionOrderSort2 (0ms)
			AwakeInstancesAfterBackupRestoration (0ms)
Platform modules already initialized, skipping
Registering precompiled user dll's ...
Registered in 0.008101 seconds.
Begin MonoManager ReloadAssembly
Symbol file LoadedFromMemory doesn't match image C:\Users\Craig\workspace\Unity\Restaurateur\Library\PackageCache\com.unity.visualscripting@1.7.8\Editor\VisualScripting.Core\Dependencies\YamlDotNet\Unity.VisualScripting.YamlDotNet.dll
Symbol file LoadedFromMemory doesn't match image C:\Users\Craig\workspace\Unity\Restaurateur\Library\PackageCache\com.unity.visualscripting@1.7.8\Editor\VisualScripting.Core\Dependencies\DotNetZip\Unity.VisualScripting.IonicZip.dll
Native extension for WindowsStandalone target not found
Refreshing native plugins compatible for Editor in 218.55 ms, found 3 plugins.
Preloading 0 native plugins for Editor in 0.00 ms.
Mono: successfully reloaded assembly
- Completed reload, in  2.203 seconds
Domain Reload Profiling:
	ReloadAssembly (2204ms)
		BeginReloadAssembly (102ms)
			ExecutionOrderSort (0ms)
			DisableScriptedObjects (8ms)
			BackupInstance (0ms)
			ReleaseScriptingObjects (0ms)
			CreateAndSetChildDomain (19ms)
		EndReloadAssembly (1945ms)
			LoadAssemblies (104ms)
			RebuildTransferFunctionScriptingTraits (0ms)
			SetupTypeCache (420ms)
			ReleaseScriptCaches (1ms)
			RebuildScriptCaches (130ms)
			SetupLoadedEditorAssemblies (1216ms)
				LogAssemblyErrors (0ms)
				InitializePlatformSupportModulesInManaged (5ms)
				SetLoadedEditorAssemblies (0ms)
				RefreshPlugins (219ms)
				BeforeProcessingInitializeOnLoad (189ms)
				ProcessInitializeOnLoadAttributes (600ms)
				ProcessInitializeOnLoadMethodAttributes (195ms)
				AfterProcessingInitializeOnLoad (8ms)
				EditorAssembliesLoaded (0ms)
			ExecutionOrderSort2 (0ms)
			AwakeInstancesAfterBackupRestoration (6ms)
Platform modules already initialized, skipping
========================================================================
Worker process is ready to serve import requests
Launched and connected shader compiler UnityShaderCompiler.exe after 0.04 seconds
Refreshing native plugins compatible for Editor in 1.78 ms, found 3 plugins.
Preloading 0 native plugins for Editor in 0.00 ms.
Unloading 8397 Unused Serialized files (Serialized files now loaded: 0)
Unloading 96 unused Assets / (5.3 MB). Loaded Objects now: 8873.
Memory consumption went from 405.3 MB to 399.9 MB.
Total: 5.415900 ms (FindLiveObjects: 0.840600 ms CreateObjectMapping: 0.309400 ms MarkObjects: 3.325100 ms  DeleteObjects: 0.940000 ms)

AssetImportParameters requested are different than current active one (requested -> active):
  custom:video-decoder-ogg-theora: a1e56fd34408186e4bbccfd4996cb3dc -> 
  custom:container-muxer-webm: aa71ff27fc2769a1b78a27578f13a17b -> 
  custom:container-demuxer-webm: 4f35f7cbe854078d1ac9338744f61a02 -> 
  custom:video-encoder-webm-vp8: eb34c28f22e8b96e1ab97ce403110664 -> 
  custom:audio-encoder-webm-vorbis: bf7c407c2cedff20999df2af8eb42d56 -> 
  custom:framework-win-MediaFoundation: 216162199b28c13a410421893ffa2e32 -> 
  custom:container-demuxer-ogg: 62fdf1f143b41e24485cea50d1cbac27 -> 
  custom:video-decoder-webm-vp8: 9c59270c3fd7afecdb556c50c9e8de78 -> 
  custom:audio-decoder-ogg-vorbis: bf7c407c2cedff20999df2af8eb42d56 -> 
========================================================================
Received Import Request.
  Time since last request: 351409.925278 seconds.
  path: Assets/Models/Gridbound Models/Building Models/doorframe 1.fbx
  artifactKey: Guid(0d529561dd8bc064a9fb537fe909a392) Importer(815301076,1909f56bfc062723c751e8b465ee728b)
Start importing Assets/Models/Gridbound Models/Building Models/doorframe 1.fbx using Guid(0d529561dd8bc064a9fb537fe909a392) Importer(815301076,1909f56bfc062723c751e8b465ee728b)  -> (artifact id: 'da379d54434677f07cbdcf27e8718462') in 0.826946 seconds 
========================================================================
Received Import Request.
  Time since last request: 20.690146 seconds.
  path: Assets/Models/Gridbound Models/Building Models/doorframe.fbx
  artifactKey: Guid(36da5809f43a08d429c09ccced65ba2e) Importer(815301076,1909f56bfc062723c751e8b465ee728b)
Start importing Assets/Models/Gridbound Models/Building Models/doorframe.fbx using Guid(36da5809f43a08d429c09ccced65ba2e) Importer(815301076,1909f56bfc062723c751e8b465ee728b)  -> (artifact id: '9497a79532d8f68ad41af9a2967b235e') in 0.050881 seconds 
========================================================================
Received Import Request.
  Time since last request: 7.099193 seconds.
  path: Assets/Prefabs/Gridbound Prefabs/Building Prefabs/Doorframe.prefab
  artifactKey: Guid(b0ae0c569d3304b42ad35ecdf1fbf58c) Importer(815301076,1909f56bfc062723c751e8b465ee728b)
Start importing Assets/Prefabs/Gridbound Prefabs/Building Prefabs/Doorframe.prefab using Guid(b0ae0c569d3304b42ad35ecdf1fbf58c) Importer(815301076,1909f56bfc062723c751e8b465ee728b)  -> (artifact id: 'ddf3c651af3f9316f6fa2379d75da33a') in 0.039688 seconds 
========================================================================
Received Prepare
Registering precompiled user dll's ...
Registered in 0.009007 seconds.
Begin MonoManager ReloadAssembly
Symbol file LoadedFromMemory doesn't match image C:\Users\Craig\workspace\Unity\Restaurateur\Library\PackageCache\com.unity.visualscripting@1.7.8\Editor\VisualScripting.Core\Dependencies\YamlDotNet\Unity.VisualScripting.YamlDotNet.dll
Symbol file LoadedFromMemory doesn't match image C:\Users\Craig\workspace\Unity\Restaurateur\Library\PackageCache\com.unity.visualscripting@1.7.8\Editor\VisualScripting.Core\Dependencies\DotNetZip\Unity.VisualScripting.IonicZip.dll
Native extension for WindowsStandalone target not found
Refreshing native plugins compatible for Editor in 1.61 ms, found 3 plugins.
Preloading 0 native plugins for Editor in 0.00 ms.
Mono: successfully reloaded assembly
- Completed reload, in  1.932 seconds
Domain Reload Profiling:
	ReloadAssembly (1933ms)
		BeginReloadAssembly (223ms)
			ExecutionOrderSort (0ms)
			DisableScriptedObjects (35ms)
			BackupInstance (0ms)
			ReleaseScriptingObjects (0ms)
			CreateAndSetChildDomain (61ms)
		EndReloadAssembly (1597ms)
			LoadAssemblies (123ms)
			RebuildTransferFunctionScriptingTraits (0ms)
			SetupTypeCache (392ms)
			ReleaseScriptCaches (3ms)
			RebuildScriptCaches (95ms)
			SetupLoadedEditorAssemblies (743ms)
				LogAssemblyErrors (0ms)
				InitializePlatformSupportModulesInManaged (14ms)
				SetLoadedEditorAssemblies (1ms)
				RefreshPlugins (2ms)
				BeforeProcessingInitializeOnLoad (137ms)
				ProcessInitializeOnLoadAttributes (525ms)
				ProcessInitializeOnLoadMethodAttributes (54ms)
				AfterProcessingInitializeOnLoad (10ms)
				EditorAssembliesLoaded (0ms)
			ExecutionOrderSort2 (0ms)
			AwakeInstancesAfterBackupRestoration (72ms)
Platform modules already initialized, skipping
Refreshing native plugins compatible for Editor in 3.88 ms, found 3 plugins.
Preloading 0 native plugins for Editor in 0.00 ms.
Unloading 7938 Unused Serialized files (Serialized files now loaded: 0)
Unloading 61 unused Assets / (5.3 MB). Loaded Objects now: 9074.
Memory consumption went from 391.1 MB to 385.8 MB.
Total: 6.116500 ms (FindLiveObjects: 0.822800 ms CreateObjectMapping: 0.303100 ms MarkObjects: 3.906500 ms  DeleteObjects: 1.082800 ms)

AssetImportParameters requested are different than current active one (requested -> active):
  custom:video-decoder-ogg-theora: a1e56fd34408186e4bbccfd4996cb3dc -> 
  custom:container-muxer-webm: aa71ff27fc2769a1b78a27578f13a17b -> 
  custom:container-demuxer-webm: 4f35f7cbe854078d1ac9338744f61a02 -> 
  custom:video-encoder-webm-vp8: eb34c28f22e8b96e1ab97ce403110664 -> 
  custom:audio-encoder-webm-vorbis: bf7c407c2cedff20999df2af8eb42d56 -> 
  custom:framework-win-MediaFoundation: 216162199b28c13a410421893ffa2e32 -> 
  custom:container-demuxer-ogg: 62fdf1f143b41e24485cea50d1cbac27 -> 
  custom:video-decoder-webm-vp8: 9c59270c3fd7afecdb556c50c9e8de78 -> 
  custom:audio-decoder-ogg-vorbis: bf7c407c2cedff20999df2af8eb42d56 -> 
========================================================================
Received Prepare
Registering precompiled user dll's ...
Registered in 0.008452 seconds.
Begin MonoManager ReloadAssembly
Symbol file LoadedFromMemory doesn't match image C:\Users\Craig\workspace\Unity\Restaurateur\Library\PackageCache\com.unity.visualscripting@1.7.8\Editor\VisualScripting.Core\Dependencies\YamlDotNet\Unity.VisualScripting.YamlDotNet.dll
Symbol file LoadedFromMemory doesn't match image C:\Users\Craig\workspace\Unity\Restaurateur\Library\PackageCache\com.unity.visualscripting@1.7.8\Editor\VisualScripting.Core\Dependencies\DotNetZip\Unity.VisualScripting.IonicZip.dll
Native extension for WindowsStandalone target not found
Refreshing native plugins compatible for Editor in 1.33 ms, found 3 plugins.
Preloading 0 native plugins for Editor in 0.00 ms.
Mono: successfully reloaded assembly
- Completed reload, in  1.753 seconds
Domain Reload Profiling:
	ReloadAssembly (1754ms)
		BeginReloadAssembly (167ms)
			ExecutionOrderSort (0ms)
			DisableScriptedObjects (8ms)
			BackupInstance (0ms)
			ReleaseScriptingObjects (0ms)
			CreateAndSetChildDomain (45ms)
		EndReloadAssembly (1479ms)
			LoadAssemblies (110ms)
			RebuildTransferFunctionScriptingTraits (0ms)
			SetupTypeCache (352ms)
			ReleaseScriptCaches (3ms)
			RebuildScriptCaches (97ms)
			SetupLoadedEditorAssemblies (696ms)
				LogAssemblyErrors (0ms)
				InitializePlatformSupportModulesInManaged (13ms)
				SetLoadedEditorAssemblies (1ms)
				RefreshPlugins (1ms)
				BeforeProcessingInitializeOnLoad (131ms)
				ProcessInitializeOnLoadAttributes (491ms)
				ProcessInitializeOnLoadMethodAttributes (49ms)
				AfterProcessingInitializeOnLoad (9ms)
				EditorAssembliesLoaded (0ms)
			ExecutionOrderSort2 (0ms)
			AwakeInstancesAfterBackupRestoration (68ms)
Platform modules already initialized, skipping
Refreshing native plugins compatible for Editor in 3.44 ms, found 3 plugins.
Preloading 0 native plugins for Editor in 0.00 ms.
Unloading 7938 Unused Serialized files (Serialized files now loaded: 0)
Unloading 61 unused Assets / (5.3 MB). Loaded Objects now: 9089.
Memory consumption went from 390.9 MB to 385.6 MB.
Total: 6.032600 ms (FindLiveObjects: 0.909500 ms CreateObjectMapping: 0.312700 ms MarkObjects: 3.745000 ms  DeleteObjects: 1.064200 ms)

AssetImportParameters requested are different than current active one (requested -> active):
  custom:video-decoder-ogg-theora: a1e56fd34408186e4bbccfd4996cb3dc -> 
  custom:container-muxer-webm: aa71ff27fc2769a1b78a27578f13a17b -> 
  custom:container-demuxer-webm: 4f35f7cbe854078d1ac9338744f61a02 -> 
  custom:video-encoder-webm-vp8: eb34c28f22e8b96e1ab97ce403110664 -> 
  custom:audio-encoder-webm-vorbis: bf7c407c2cedff20999df2af8eb42d56 -> 
  custom:framework-win-MediaFoundation: 216162199b28c13a410421893ffa2e32 -> 
  custom:container-demuxer-ogg: 62fdf1f143b41e24485cea50d1cbac27 -> 
  custom:video-decoder-webm-vp8: 9c59270c3fd7afecdb556c50c9e8de78 -> 
  custom:audio-decoder-ogg-vorbis: bf7c407c2cedff20999df2af8eb42d56 -> 
========================================================================
Received Prepare
Registering precompiled user dll's ...
Registered in 0.007864 seconds.
Begin MonoManager ReloadAssembly
Symbol file LoadedFromMemory doesn't match image C:\Users\Craig\workspace\Unity\Restaurateur\Library\PackageCache\com.unity.visualscripting@1.7.8\Editor\VisualScripting.Core\Dependencies\YamlDotNet\Unity.VisualScripting.YamlDotNet.dll
Symbol file LoadedFromMemory doesn't match image C:\Users\Craig\workspace\Unity\Restaurateur\Library\PackageCache\com.unity.visualscripting@1.7.8\Editor\VisualScripting.Core\Dependencies\DotNetZip\Unity.VisualScripting.IonicZip.dll
Native extension for WindowsStandalone target not found
Refreshing native plugins compatible for Editor in 1.78 ms, found 3 plugins.
Preloading 0 native plugins for Editor in 0.00 ms.
Mono: successfully reloaded assembly
- Completed reload, in  1.865 seconds
Domain Reload Profiling:
	ReloadAssembly (1866ms)
		BeginReloadAssembly (174ms)
			ExecutionOrderSort (0ms)
			DisableScriptedObjects (9ms)
			BackupInstance (0ms)
			ReleaseScriptingObjects (0ms)
			CreateAndSetChildDomain (47ms)
		EndReloadAssembly (1578ms)
			LoadAssemblies (114ms)
			RebuildTransferFunctionScriptingTraits (0ms)
			SetupTypeCache (377ms)
			ReleaseScriptCaches (3ms)
			RebuildScriptCaches (96ms)
			SetupLoadedEditorAssemblies (753ms)
				LogAssemblyErrors (0ms)
				InitializePlatformSupportModulesInManaged (14ms)
				SetLoadedEditorAssemblies (0ms)
				RefreshPlugins (2ms)
				BeforeProcessingInitializeOnLoad (149ms)
				ProcessInitializeOnLoadAttributes (522ms)
				ProcessInitializeOnLoadMethodAttributes (56ms)
				AfterProcessingInitializeOnLoad (9ms)
				EditorAssembliesLoaded (0ms)
			ExecutionOrderSort2 (0ms)
			AwakeInstancesAfterBackupRestoration (71ms)
Platform modules already initialized, skipping
Refreshing native plugins compatible for Editor in 3.77 ms, found 3 plugins.
Preloading 0 native plugins for Editor in 0.00 ms.
Unloading 7938 Unused Serialized files (Serialized files now loaded: 0)
Unloading 61 unused Assets / (5.3 MB). Loaded Objects now: 9104.
Memory consumption went from 391.0 MB to 385.6 MB.
Total: 5.775300 ms (FindLiveObjects: 0.948800 ms CreateObjectMapping: 0.347400 ms MarkObjects: 3.448700 ms  DeleteObjects: 1.029300 ms)

AssetImportParameters requested are different than current active one (requested -> active):
  custom:video-decoder-ogg-theora: a1e56fd34408186e4bbccfd4996cb3dc -> 
  custom:container-muxer-webm: aa71ff27fc2769a1b78a27578f13a17b -> 
  custom:container-demuxer-webm: 4f35f7cbe854078d1ac9338744f61a02 -> 
  custom:video-encoder-webm-vp8: eb34c28f22e8b96e1ab97ce403110664 -> 
  custom:audio-encoder-webm-vorbis: bf7c407c2cedff20999df2af8eb42d56 -> 
  custom:framework-win-MediaFoundation: 216162199b28c13a410421893ffa2e32 -> 
  custom:container-demuxer-ogg: 62fdf1f143b41e24485cea50d1cbac27 -> 
  custom:video-decoder-webm-vp8: 9c59270c3fd7afecdb556c50c9e8de78 -> 
  custom:audio-decoder-ogg-vorbis: bf7c407c2cedff20999df2af8eb42d56 -> 
========================================================================
Received Prepare
Registering precompiled user dll's ...
Registered in 0.008276 seconds.
Begin MonoManager ReloadAssembly
Symbol file LoadedFromMemory doesn't match image C:\Users\Craig\workspace\Unity\Restaurateur\Library\PackageCache\com.unity.visualscripting@1.7.8\Editor\VisualScripting.Core\Dependencies\YamlDotNet\Unity.VisualScripting.YamlDotNet.dll
Symbol file LoadedFromMemory doesn't match image C:\Users\Craig\workspace\Unity\Restaurateur\Library\PackageCache\com.unity.visualscripting@1.7.8\Editor\VisualScripting.Core\Dependencies\DotNetZip\Unity.VisualScripting.IonicZip.dll
Native extension for WindowsStandalone target not found
Refreshing native plugins compatible for Editor in 1.33 ms, found 3 plugins.
Preloading 0 native plugins for Editor in 0.00 ms.
Mono: successfully reloaded assembly
- Completed reload, in  1.888 seconds
Domain Reload Profiling:
	ReloadAssembly (1888ms)
		BeginReloadAssembly (190ms)
			ExecutionOrderSort (0ms)
			DisableScriptedObjects (9ms)
			BackupInstance (0ms)
			ReleaseScriptingObjects (0ms)
			CreateAndSetChildDomain (49ms)
		EndReloadAssembly (1584ms)
			LoadAssemblies (124ms)
			RebuildTransferFunctionScriptingTraits (0ms)
			SetupTypeCache (380ms)
			ReleaseScriptCaches (3ms)
			RebuildScriptCaches (97ms)
			SetupLoadedEditorAssemblies (746ms)
				LogAssemblyErrors (0ms)
				InitializePlatformSupportModulesInManaged (14ms)
				SetLoadedEditorAssemblies (1ms)
				RefreshPlugins (1ms)
				BeforeProcessingInitializeOnLoad (136ms)
				ProcessInitializeOnLoadAttributes (530ms)
				ProcessInitializeOnLoadMethodAttributes (54ms)
				AfterProcessingInitializeOnLoad (9ms)
				EditorAssembliesLoaded (0ms)
			ExecutionOrderSort2 (0ms)
			AwakeInstancesAfterBackupRestoration (71ms)
Platform modules already initialized, skipping
Refreshing native plugins compatible for Editor in 3.87 ms, found 3 plugins.
Preloading 0 native plugins for Editor in 0.00 ms.
Unloading 7938 Unused Serialized files (Serialized files now loaded: 0)
Unloading 61 unused Assets / (5.3 MB). Loaded Objects now: 9119.
Memory consumption went from 390.7 MB to 385.4 MB.
Total: 5.791800 ms (FindLiveObjects: 0.811800 ms CreateObjectMapping: 0.287500 ms MarkObjects: 3.639600 ms  DeleteObjects: 1.052000 ms)

AssetImportParameters requested are different than current active one (requested -> active):
  custom:video-decoder-ogg-theora: a1e56fd34408186e4bbccfd4996cb3dc -> 
  custom:container-muxer-webm: aa71ff27fc2769a1b78a27578f13a17b -> 
  custom:container-demuxer-webm: 4f35f7cbe854078d1ac9338744f61a02 -> 
  custom:video-encoder-webm-vp8: eb34c28f22e8b96e1ab97ce403110664 -> 
  custom:audio-encoder-webm-vorbis: bf7c407c2cedff20999df2af8eb42d56 -> 
  custom:framework-win-MediaFoundation: 216162199b28c13a410421893ffa2e32 -> 
  custom:container-demuxer-ogg: 62fdf1f143b41e24485cea50d1cbac27 -> 
  custom:video-decoder-webm-vp8: 9c59270c3fd7afecdb556c50c9e8de78 -> 
  custom:audio-decoder-ogg-vorbis: bf7c407c2cedff20999df2af8eb42d56 -> 
========================================================================
Received Import Request.
  Time since last request: 2655.262903 seconds.
  path: Assets/Prefabs/Gridbound Prefabs/Equipment Prefabs/Counter.prefab
  artifactKey: Guid(44b37462fb066e54796f22deccaf2602) Importer(815301076,1909f56bfc062723c751e8b465ee728b)
Start importing Assets/Prefabs/Gridbound Prefabs/Equipment Prefabs/Counter.prefab using Guid(44b37462fb066e54796f22deccaf2602) Importer(815301076,1909f56bfc062723c751e8b465ee728b)  -> (artifact id: '8ce1dca8984da40f118d186ae0dc2d63') in 0.660307 seconds 
========================================================================
Received Import Request.
  Time since last request: 0.000047 seconds.
  path: Assets/Prefabs/Gridbound Prefabs/Equipment Prefabs/Large Cooler.prefab
  artifactKey: Guid(eea3f501bc7a5c64d99bb6efdc2a5a79) Importer(815301076,1909f56bfc062723c751e8b465ee728b)
Start importing Assets/Prefabs/Gridbound Prefabs/Equipment Prefabs/Large Cooler.prefab using Guid(eea3f501bc7a5c64d99bb6efdc2a5a79) Importer(815301076,1909f56bfc062723c751e8b465ee728b)  -> (artifact id: 'd73895d8077bc1bc16643062f4fc1302') in 0.073884 seconds 
========================================================================
Received Import Request.
  Time since last request: 4.298032 seconds.
  path: Assets/Prefabs/Gridbound Prefabs/Equipment Prefabs/Counter.prefab
  artifactKey: Guid(44b37462fb066e54796f22deccaf2602) Importer(815301076,1909f56bfc062723c751e8b465ee728b)
Start importing Assets/Prefabs/Gridbound Prefabs/Equipment Prefabs/Counter.prefab using Guid(44b37462fb066e54796f22deccaf2602) Importer(815301076,1909f56bfc062723c751e8b465ee728b)  -> (artifact id: '467fe75e64ad5c396302f6fa30450717') in 0.018983 seconds 
========================================================================
Received Import Request.
  Time since last request: 43.985067 seconds.
  path: Assets/Prefabs/Gridbound Prefabs/Equipment Prefabs/Counter.prefab
  artifactKey: Guid(44b37462fb066e54796f22deccaf2602) Importer(815301076,1909f56bfc062723c751e8b465ee728b)
Start importing Assets/Prefabs/Gridbound Prefabs/Equipment Prefabs/Counter.prefab using Guid(44b37462fb066e54796f22deccaf2602) Importer(815301076,1909f56bfc062723c751e8b465ee728b)  -> (artifact id: 'd7450b5c342db73509766525c8be7feb') in 0.028599 seconds 
========================================================================
Received Import Request.
  Time since last request: 10.548330 seconds.
  path: Assets/Prefabs/Gridbound Prefabs/Equipment Prefabs/Counter.prefab
  artifactKey: Guid(44b37462fb066e54796f22deccaf2602) Importer(815301076,1909f56bfc062723c751e8b465ee728b)
Start importing Assets/Prefabs/Gridbound Prefabs/Equipment Prefabs/Counter.prefab using Guid(44b37462fb066e54796f22deccaf2602) Importer(815301076,1909f56bfc062723c751e8b465ee728b)  -> (artifact id: '54a621e8370f220c032bf0912d4d221f') in 0.024580 seconds 
========================================================================
Received Import Request.
  Time since last request: 3.800815 seconds.
  path: Assets/Prefabs/Gridbound Prefabs/Equipment Prefabs/Counter.prefab
  artifactKey: Guid(44b37462fb066e54796f22deccaf2602) Importer(815301076,1909f56bfc062723c751e8b465ee728b)
Start importing Assets/Prefabs/Gridbound Prefabs/Equipment Prefabs/Counter.prefab using Guid(44b37462fb066e54796f22deccaf2602) Importer(815301076,1909f56bfc062723c751e8b465ee728b)  -> (artifact id: '147f0d08be2aa75fcdc58c26b9191733') in 0.018835 seconds 
========================================================================
Received Import Request.
  Time since last request: 16.101118 seconds.
  path: Assets/Prefabs/Gridbound Prefabs/Equipment Prefabs/Counter.prefab
  artifactKey: Guid(44b37462fb066e54796f22deccaf2602) Importer(815301076,1909f56bfc062723c751e8b465ee728b)
Start importing Assets/Prefabs/Gridbound Prefabs/Equipment Prefabs/Counter.prefab using Guid(44b37462fb066e54796f22deccaf2602) Importer(815301076,1909f56bfc062723c751e8b465ee728b)  -> (artifact id: '8b0b01f3ed754b6d4bd215cfaca32dc9') in 0.021072 seconds 
========================================================================
Received Import Request.
  Time since last request: 2.177397 seconds.
  path: Assets/Prefabs/Gridbound Prefabs/Equipment Prefabs/Counter.prefab
  artifactKey: Guid(44b37462fb066e54796f22deccaf2602) Importer(815301076,1909f56bfc062723c751e8b465ee728b)
Start importing Assets/Prefabs/Gridbound Prefabs/Equipment Prefabs/Counter.prefab using Guid(44b37462fb066e54796f22deccaf2602) Importer(815301076,1909f56bfc062723c751e8b465ee728b)  -> (artifact id: '8892ba28cdc21d290bd59497147a6acb') in 0.018715 seconds 
========================================================================
Received Import Request.
  Time since last request: 6.043102 seconds.
  path: Assets/Prefabs/Gridbound Prefabs/Equipment Prefabs/Counter.prefab
  artifactKey: Guid(44b37462fb066e54796f22deccaf2602) Importer(815301076,1909f56bfc062723c751e8b465ee728b)
Start importing Assets/Prefabs/Gridbound Prefabs/Equipment Prefabs/Counter.prefab using Guid(44b37462fb066e54796f22deccaf2602) Importer(815301076,1909f56bfc062723c751e8b465ee728b)  -> (artifact id: 'b3a27ff97958688ba5f87a91527cf8d3') in 0.048734 seconds 
========================================================================
Received Import Request.
  Time since last request: 1.646976 seconds.
  path: Assets/Prefabs/Gridbound Prefabs/Equipment Prefabs/Counter.prefab
  artifactKey: Guid(44b37462fb066e54796f22deccaf2602) Importer(815301076,1909f56bfc062723c751e8b465ee728b)
Start importing Assets/Prefabs/Gridbound Prefabs/Equipment Prefabs/Counter.prefab using Guid(44b37462fb066e54796f22deccaf2602) Importer(815301076,1909f56bfc062723c751e8b465ee728b)  -> (artifact id: '891a2dc553c7d399acbd9cf434c941ff') in 0.021673 seconds 
========================================================================
Received Import Request.
  Time since last request: 3.406341 seconds.
  path: Assets/Prefabs/Gridbound Prefabs/Equipment Prefabs/Counter.prefab
  artifactKey: Guid(44b37462fb066e54796f22deccaf2602) Importer(815301076,1909f56bfc062723c751e8b465ee728b)
Start importing Assets/Prefabs/Gridbound Prefabs/Equipment Prefabs/Counter.prefab using Guid(44b37462fb066e54796f22deccaf2602) Importer(815301076,1909f56bfc062723c751e8b465ee728b)  -> (artifact id: 'f3f2c1fdf3e6d7c58c097100eeba5d27') in 0.021448 seconds 
========================================================================
Received Import Request.
  Time since last request: 488.469020 seconds.
  path: Assets/Prefabs/Gridbound Prefabs/Equipment Prefabs/Counter.prefab
  artifactKey: Guid(44b37462fb066e54796f22deccaf2602) Importer(815301076,1909f56bfc062723c751e8b465ee728b)
Start importing Assets/Prefabs/Gridbound Prefabs/Equipment Prefabs/Counter.prefab using Guid(44b37462fb066e54796f22deccaf2602) Importer(815301076,1909f56bfc062723c751e8b465ee728b)  -> (artifact id: 'b00743e6872103b8640609104b94a428') in 0.029783 seconds 
========================================================================
Received Import Request.
  Time since last request: 59.048869 seconds.
  path: Assets/Prefabs/Gridbound Prefabs/Equipment Prefabs/Counter.prefab
  artifactKey: Guid(44b37462fb066e54796f22deccaf2602) Importer(815301076,1909f56bfc062723c751e8b465ee728b)
Start importing Assets/Prefabs/Gridbound Prefabs/Equipment Prefabs/Counter.prefab using Guid(44b37462fb066e54796f22deccaf2602) Importer(815301076,1909f56bfc062723c751e8b465ee728b)  -> (artifact id: 'ac1624246ebda1a827ecd4e650f8429b') in 0.036528 seconds 
========================================================================
Received Import Request.
  Time since last request: 2.179249 seconds.
  path: Assets/Prefabs/Gridbound Prefabs/Equipment Prefabs/Counter.prefab
  artifactKey: Guid(44b37462fb066e54796f22deccaf2602) Importer(815301076,1909f56bfc062723c751e8b465ee728b)
Start importing Assets/Prefabs/Gridbound Prefabs/Equipment Prefabs/Counter.prefab using Guid(44b37462fb066e54796f22deccaf2602) Importer(815301076,1909f56bfc062723c751e8b465ee728b)  -> (artifact id: '7d992ae0ffd19671f6681ce8e37e4eea') in 0.020291 seconds 
========================================================================
Received Import Request.
  Time since last request: 2.803176 seconds.
  path: Assets/Prefabs/Gridbound Prefabs/Equipment Prefabs/Counter.prefab
  artifactKey: Guid(44b37462fb066e54796f22deccaf2602) Importer(815301076,1909f56bfc062723c751e8b465ee728b)
Start importing Assets/Prefabs/Gridbound Prefabs/Equipment Prefabs/Counter.prefab using Guid(44b37462fb066e54796f22deccaf2602) Importer(815301076,1909f56bfc062723c751e8b465ee728b)  -> (artifact id: 'ba3def2d435fe58fb3e8e8ca19c30b7d') in 0.022929 seconds 
========================================================================
Received Import Request.
  Time since last request: 2.063762 seconds.
  path: Assets/Prefabs/Gridbound Prefabs/Equipment Prefabs/Counter.prefab
  artifactKey: Guid(44b37462fb066e54796f22deccaf2602) Importer(815301076,1909f56bfc062723c751e8b465ee728b)
Start importing Assets/Prefabs/Gridbound Prefabs/Equipment Prefabs/Counter.prefab using Guid(44b37462fb066e54796f22deccaf2602) Importer(815301076,1909f56bfc062723c751e8b465ee728b)  -> (artifact id: '09208fa9ef15724e6fe8366ef4ecfe2f') in 0.034669 seconds 
========================================================================
Received Import Request.
  Time since last request: 6.204541 seconds.
  path: Assets/Prefabs/Gridbound Prefabs/Equipment Prefabs/Counter.prefab
  artifactKey: Guid(44b37462fb066e54796f22deccaf2602) Importer(815301076,1909f56bfc062723c751e8b465ee728b)
Start importing Assets/Prefabs/Gridbound Prefabs/Equipment Prefabs/Counter.prefab using Guid(44b37462fb066e54796f22deccaf2602) Importer(815301076,1909f56bfc062723c751e8b465ee728b)  -> (artifact id: '0f82f092d284c39e5ec9dd9b0cd7e2c1') in 0.029602 seconds 
========================================================================
Received Import Request.
  Time since last request: 290.573527 seconds.
  path: Assets/Prefabs/Gridbound Prefabs/Equipment Prefabs/Counter.prefab
  artifactKey: Guid(44b37462fb066e54796f22deccaf2602) Importer(815301076,1909f56bfc062723c751e8b465ee728b)
Start importing Assets/Prefabs/Gridbound Prefabs/Equipment Prefabs/Counter.prefab using Guid(44b37462fb066e54796f22deccaf2602) Importer(815301076,1909f56bfc062723c751e8b465ee728b)  -> (artifact id: '50f58d22e1fbf214ba0068628fd5f0aa') in 0.029207 seconds 
========================================================================
Received Import Request.
  Time since last request: 14.123535 seconds.
  path: Assets/Prefabs/Gridbound Prefabs/Equipment Prefabs/Counter.prefab
  artifactKey: Guid(44b37462fb066e54796f22deccaf2602) Importer(815301076,1909f56bfc062723c751e8b465ee728b)
Start importing Assets/Prefabs/Gridbound Prefabs/Equipment Prefabs/Counter.prefab using Guid(44b37462fb066e54796f22deccaf2602) Importer(815301076,1909f56bfc062723c751e8b465ee728b)  -> (artifact id: 'f265b6943032b89f4e1ac5adf5f5cefb') in 0.019706 seconds 
========================================================================
Received Import Request.
  Time since last request: 4.800152 seconds.
  path: Assets/Prefabs/Gridbound Prefabs/Equipment Prefabs/Counter.prefab
  artifactKey: Guid(44b37462fb066e54796f22deccaf2602) Importer(815301076,1909f56bfc062723c751e8b465ee728b)
Start importing Assets/Prefabs/Gridbound Prefabs/Equipment Prefabs/Counter.prefab using Guid(44b37462fb066e54796f22deccaf2602) Importer(815301076,1909f56bfc062723c751e8b465ee728b)  -> (artifact id: 'b20e4f643825e8a1dcfa77f2af4c0c76') in 0.020547 seconds 
========================================================================
Received Prepare
Registering precompiled user dll's ...
Registered in 0.007699 seconds.
Begin MonoManager ReloadAssembly
Symbol file LoadedFromMemory doesn't match image C:\Users\Craig\workspace\Unity\Restaurateur\Library\PackageCache\com.unity.visualscripting@1.7.8\Editor\VisualScripting.Core\Dependencies\YamlDotNet\Unity.VisualScripting.YamlDotNet.dll
Symbol file LoadedFromMemory doesn't match image C:\Users\Craig\workspace\Unity\Restaurateur\Library\PackageCache\com.unity.visualscripting@1.7.8\Editor\VisualScripting.Core\Dependencies\DotNetZip\Unity.VisualScripting.IonicZip.dll
Native extension for WindowsStandalone target not found
Refreshing native plugins compatible for Editor in 1.52 ms, found 3 plugins.
Preloading 0 native plugins for Editor in 0.00 ms.
Mono: successfully reloaded assembly
- Completed reload, in  1.930 seconds
Domain Reload Profiling:
	ReloadAssembly (1931ms)
		BeginReloadAssembly (228ms)
			ExecutionOrderSort (0ms)
			DisableScriptedObjects (41ms)
			BackupInstance (0ms)
			ReleaseScriptingObjects (0ms)
			CreateAndSetChildDomain (64ms)
		EndReloadAssembly (1587ms)
			LoadAssemblies (123ms)
			RebuildTransferFunctionScriptingTraits (0ms)
			SetupTypeCache (377ms)
			ReleaseScriptCaches (3ms)
			RebuildScriptCaches (102ms)
			SetupLoadedEditorAssemblies (743ms)
				LogAssemblyErrors (0ms)
				InitializePlatformSupportModulesInManaged (14ms)
				SetLoadedEditorAssemblies (0ms)
				RefreshPlugins (2ms)
				BeforeProcessingInitializeOnLoad (136ms)
				ProcessInitializeOnLoadAttributes (527ms)
				ProcessInitializeOnLoadMethodAttributes (53ms)
				AfterProcessingInitializeOnLoad (9ms)
				EditorAssembliesLoaded (0ms)
			ExecutionOrderSort2 (0ms)
			AwakeInstancesAfterBackupRestoration (74ms)
Platform modules already initialized, skipping
Refreshing native plugins compatible for Editor in 3.55 ms, found 3 plugins.
Preloading 0 native plugins for Editor in 0.00 ms.
Unloading 7938 Unused Serialized files (Serialized files now loaded: 0)
Unloading 61 unused Assets / (5.3 MB). Loaded Objects now: 9274.
Memory consumption went from 391.2 MB to 385.9 MB.
Total: 6.346400 ms (FindLiveObjects: 0.863500 ms CreateObjectMapping: 0.386600 ms MarkObjects: 3.550900 ms  DeleteObjects: 1.544400 ms)

AssetImportParameters requested are different than current active one (requested -> active):
  custom:video-decoder-ogg-theora: a1e56fd34408186e4bbccfd4996cb3dc -> 
  custom:container-muxer-webm: aa71ff27fc2769a1b78a27578f13a17b -> 
  custom:container-demuxer-webm: 4f35f7cbe854078d1ac9338744f61a02 -> 
  custom:video-encoder-webm-vp8: eb34c28f22e8b96e1ab97ce403110664 -> 
  custom:audio-encoder-webm-vorbis: bf7c407c2cedff20999df2af8eb42d56 -> 
  custom:framework-win-MediaFoundation: 216162199b28c13a410421893ffa2e32 -> 
  custom:container-demuxer-ogg: 62fdf1f143b41e24485cea50d1cbac27 -> 
  custom:video-decoder-webm-vp8: 9c59270c3fd7afecdb556c50c9e8de78 -> 
  custom:audio-decoder-ogg-vorbis: bf7c407c2cedff20999df2af8eb42d56 -> 
========================================================================
Received Import Request.
  Time since last request: 626.437865 seconds.
  path: Assets/Raw Imports/Kitchen Prefabs/Models/Prop_Fridge_01.fbx
  artifactKey: Guid(14eaa2a056ff2704190094e88a955c04) Importer(815301076,1909f56bfc062723c751e8b465ee728b)
Start importing Assets/Raw Imports/Kitchen Prefabs/Models/Prop_Fridge_01.fbx using Guid(14eaa2a056ff2704190094e88a955c04) Importer(815301076,1909f56bfc062723c751e8b465ee728b)  -> (artifact id: '27fbf8c872089eeae1e8b354cf33e2b2') in 0.671282 seconds 
========================================================================
Received Import Request.
  Time since last request: 578.404813 seconds.
  path: Assets/Prefabs/Gridbound Prefabs/Equipment Prefabs/Counter.prefab
  artifactKey: Guid(44b37462fb066e54796f22deccaf2602) Importer(815301076,1909f56bfc062723c751e8b465ee728b)
Start importing Assets/Prefabs/Gridbound Prefabs/Equipment Prefabs/Counter.prefab using Guid(44b37462fb066e54796f22deccaf2602) Importer(815301076,1909f56bfc062723c751e8b465ee728b)  -> (artifact id: '4b398ee03a2ed88bd2c426f341e6b5e9') in 0.107588 seconds 
========================================================================
Received Import Request.
  Time since last request: 0.000045 seconds.
  path: Assets/Prefabs/Gridbound Prefabs/Equipment Prefabs/Large Cooler.prefab
  artifactKey: Guid(eea3f501bc7a5c64d99bb6efdc2a5a79) Importer(815301076,1909f56bfc062723c751e8b465ee728b)
Start importing Assets/Prefabs/Gridbound Prefabs/Equipment Prefabs/Large Cooler.prefab using Guid(eea3f501bc7a5c64d99bb6efdc2a5a79) Importer(815301076,1909f56bfc062723c751e8b465ee728b)  -> (artifact id: '193ce9c2be8a1a21a5ae77d137f18dcd') in 0.101459 seconds 
========================================================================
Received Import Request.
  Time since last request: 16.039126 seconds.
  path: Assets/Models/Gridbound Models/Equipment Models/counter.fbx
  artifactKey: Guid(cf605befc8242284bae3b2bef34b659d) Importer(815301076,1909f56bfc062723c751e8b465ee728b)
Start importing Assets/Models/Gridbound Models/Equipment Models/counter.fbx using Guid(cf605befc8242284bae3b2bef34b659d) Importer(815301076,1909f56bfc062723c751e8b465ee728b)  -> (artifact id: '81ec905001ea123dc992d7d5463bf442') in 0.106843 seconds 
========================================================================
Received Import Request.
  Time since last request: 276.222744 seconds.
  path: Assets/Animations/Object Animations/Equipment Animations/Door Open Neg.anim
  artifactKey: Guid(c11b9099aaa1f66419a653a8f4027e5e) Importer(815301076,1909f56bfc062723c751e8b465ee728b)
Start importing Assets/Animations/Object Animations/Equipment Animations/Door Open Neg.anim using Guid(c11b9099aaa1f66419a653a8f4027e5e) Importer(815301076,1909f56bfc062723c751e8b465ee728b)  -> (artifact id: 'b2852d8c4ecbc0d28633d3c5847e9041') in 0.010594 seconds 
========================================================================
Received Import Request.
  Time since last request: 15.670530 seconds.
  path: Assets/Animations/Object Animations/Equipment Animations/Door Open Pos.anim
  artifactKey: Guid(d565513b1ba31ce419d672433df5df51) Importer(815301076,1909f56bfc062723c751e8b465ee728b)
Start importing Assets/Animations/Object Animations/Equipment Animations/Door Open Pos.anim using Guid(d565513b1ba31ce419d672433df5df51) Importer(815301076,1909f56bfc062723c751e8b465ee728b)  -> (artifact id: '48e4273ef7c2591f63707ee40d89e86d') in 0.011041 seconds 
========================================================================
Received Prepare
Registering precompiled user dll's ...
Registered in 0.008384 seconds.
Begin MonoManager ReloadAssembly
Symbol file LoadedFromMemory doesn't match image C:\Users\Craig\workspace\Unity\Restaurateur\Library\PackageCache\com.unity.visualscripting@1.7.8\Editor\VisualScripting.Core\Dependencies\YamlDotNet\Unity.VisualScripting.YamlDotNet.dll
Symbol file LoadedFromMemory doesn't match image C:\Users\Craig\workspace\Unity\Restaurateur\Library\PackageCache\com.unity.visualscripting@1.7.8\Editor\VisualScripting.Core\Dependencies\DotNetZip\Unity.VisualScripting.IonicZip.dll
Native extension for WindowsStandalone target not found
Refreshing native plugins compatible for Editor in 1.63 ms, found 3 plugins.
Preloading 0 native plugins for Editor in 0.00 ms.
Mono: successfully reloaded assembly
- Completed reload, in  1.950 seconds
Domain Reload Profiling:
	ReloadAssembly (1951ms)
		BeginReloadAssembly (215ms)
			ExecutionOrderSort (0ms)
			DisableScriptedObjects (35ms)
			BackupInstance (0ms)
			ReleaseScriptingObjects (0ms)
			CreateAndSetChildDomain (59ms)
		EndReloadAssembly (1619ms)
			LoadAssemblies (121ms)
			RebuildTransferFunctionScriptingTraits (0ms)
			SetupTypeCache (390ms)
			ReleaseScriptCaches (3ms)
			RebuildScriptCaches (105ms)
			SetupLoadedEditorAssemblies (754ms)
				LogAssemblyErrors (0ms)
				InitializePlatformSupportModulesInManaged (14ms)
				SetLoadedEditorAssemblies (1ms)
				RefreshPlugins (2ms)
				BeforeProcessingInitializeOnLoad (139ms)
				ProcessInitializeOnLoadAttributes (534ms)
				ProcessInitializeOnLoadMethodAttributes (55ms)
				AfterProcessingInitializeOnLoad (10ms)
				EditorAssembliesLoaded (0ms)
			ExecutionOrderSort2 (0ms)
			AwakeInstancesAfterBackupRestoration (75ms)
Platform modules already initialized, skipping
Refreshing native plugins compatible for Editor in 3.69 ms, found 3 plugins.
Preloading 0 native plugins for Editor in 0.00 ms.
Unloading 7938 Unused Serialized files (Serialized files now loaded: 0)
Unloading 61 unused Assets / (5.3 MB). Loaded Objects now: 9428.
Memory consumption went from 391.4 MB to 386.1 MB.
Total: 5.943900 ms (FindLiveObjects: 0.853800 ms CreateObjectMapping: 0.289900 ms MarkObjects: 3.755300 ms  DeleteObjects: 1.043900 ms)

AssetImportParameters requested are different than current active one (requested -> active):
  custom:video-decoder-ogg-theora: a1e56fd34408186e4bbccfd4996cb3dc -> 
  custom:container-muxer-webm: aa71ff27fc2769a1b78a27578f13a17b -> 
  custom:container-demuxer-webm: 4f35f7cbe854078d1ac9338744f61a02 -> 
  custom:video-encoder-webm-vp8: eb34c28f22e8b96e1ab97ce403110664 -> 
  custom:audio-encoder-webm-vorbis: bf7c407c2cedff20999df2af8eb42d56 -> 
  custom:framework-win-MediaFoundation: 216162199b28c13a410421893ffa2e32 -> 
  custom:container-demuxer-ogg: 62fdf1f143b41e24485cea50d1cbac27 -> 
  custom:video-decoder-webm-vp8: 9c59270c3fd7afecdb556c50c9e8de78 -> 
  custom:audio-decoder-ogg-vorbis: bf7c407c2cedff20999df2af8eb42d56 -> 
========================================================================
Received Prepare
Registering precompiled user dll's ...
Registered in 0.008968 seconds.
Begin MonoManager ReloadAssembly
Symbol file LoadedFromMemory doesn't match image C:\Users\Craig\workspace\Unity\Restaurateur\Library\PackageCache\com.unity.visualscripting@1.7.8\Editor\VisualScripting.Core\Dependencies\YamlDotNet\Unity.VisualScripting.YamlDotNet.dll
Symbol file LoadedFromMemory doesn't match image C:\Users\Craig\workspace\Unity\Restaurateur\Library\PackageCache\com.unity.visualscripting@1.7.8\Editor\VisualScripting.Core\Dependencies\DotNetZip\Unity.VisualScripting.IonicZip.dll
Native extension for WindowsStandalone target not found
Refreshing native plugins compatible for Editor in 1.81 ms, found 3 plugins.
Preloading 0 native plugins for Editor in 0.00 ms.
Mono: successfully reloaded assembly
- Completed reload, in  1.908 seconds
Domain Reload Profiling:
	ReloadAssembly (1909ms)
		BeginReloadAssembly (180ms)
			ExecutionOrderSort (0ms)
			DisableScriptedObjects (9ms)
			BackupInstance (0ms)
			ReleaseScriptingObjects (0ms)
			CreateAndSetChildDomain (50ms)
		EndReloadAssembly (1616ms)
			LoadAssemblies (113ms)
			RebuildTransferFunctionScriptingTraits (0ms)
			SetupTypeCache (386ms)
			ReleaseScriptCaches (3ms)
			RebuildScriptCaches (101ms)
			SetupLoadedEditorAssemblies (764ms)
				LogAssemblyErrors (0ms)
				InitializePlatformSupportModulesInManaged (14ms)
				SetLoadedEditorAssemblies (0ms)
				RefreshPlugins (2ms)
				BeforeProcessingInitializeOnLoad (141ms)
				ProcessInitializeOnLoadAttributes (544ms)
				ProcessInitializeOnLoadMethodAttributes (53ms)
				AfterProcessingInitializeOnLoad (9ms)
				EditorAssembliesLoaded (0ms)
			ExecutionOrderSort2 (0ms)
			AwakeInstancesAfterBackupRestoration (77ms)
Platform modules already initialized, skipping
Refreshing native plugins compatible for Editor in 3.77 ms, found 3 plugins.
Preloading 0 native plugins for Editor in 0.00 ms.
Unloading 7938 Unused Serialized files (Serialized files now loaded: 0)
Unloading 61 unused Assets / (5.3 MB). Loaded Objects now: 9443.
Memory consumption went from 391.2 MB to 385.9 MB.
Total: 6.675100 ms (FindLiveObjects: 0.932400 ms CreateObjectMapping: 0.376600 ms MarkObjects: 4.207500 ms  DeleteObjects: 1.157400 ms)

AssetImportParameters requested are different than current active one (requested -> active):
  custom:video-decoder-ogg-theora: a1e56fd34408186e4bbccfd4996cb3dc -> 
  custom:container-muxer-webm: aa71ff27fc2769a1b78a27578f13a17b -> 
  custom:container-demuxer-webm: 4f35f7cbe854078d1ac9338744f61a02 -> 
  custom:video-encoder-webm-vp8: eb34c28f22e8b96e1ab97ce403110664 -> 
  custom:audio-encoder-webm-vorbis: bf7c407c2cedff20999df2af8eb42d56 -> 
  custom:framework-win-MediaFoundation: 216162199b28c13a410421893ffa2e32 -> 
  custom:container-demuxer-ogg: 62fdf1f143b41e24485cea50d1cbac27 -> 
  custom:video-decoder-webm-vp8: 9c59270c3fd7afecdb556c50c9e8de78 -> 
  custom:audio-decoder-ogg-vorbis: bf7c407c2cedff20999df2af8eb42d56 -> 
========================================================================
Received Import Request.
  Time since last request: 210.434379 seconds.
  path: Assets/Prefabs/Gridbound Prefabs/Equipment Prefabs/Large Cooler.prefab
  artifactKey: Guid(eea3f501bc7a5c64d99bb6efdc2a5a79) Importer(815301076,1909f56bfc062723c751e8b465ee728b)
Start importing Assets/Prefabs/Gridbound Prefabs/Equipment Prefabs/Large Cooler.prefab using Guid(eea3f501bc7a5c64d99bb6efdc2a5a79) Importer(815301076,1909f56bfc062723c751e8b465ee728b)  -> (artifact id: 'afa2a7b1479a4cccef3cfc118de36523') in 0.757431 seconds 
========================================================================
Received Import Request.
  Time since last request: 12.941496 seconds.
  path: Assets/Prefabs/Ghost Prefabs/GridVisualizer.prefab
  artifactKey: Guid(919accca75e6bf140a501701e42bca11) Importer(815301076,1909f56bfc062723c751e8b465ee728b)
Start importing Assets/Prefabs/Ghost Prefabs/GridVisualizer.prefab using Guid(919accca75e6bf140a501701e42bca11) Importer(815301076,1909f56bfc062723c751e8b465ee728b)  -> (artifact id: 'aff6cf1c83347f531124a8215873fef1') in 0.072444 seconds 
========================================================================
Received Import Request.
  Time since last request: 0.000035 seconds.
  path: Assets/Prefabs/Ghost Prefabs/Selector Ghost.prefab
  artifactKey: Guid(65f24bb0c3e311d4e806d8573413193d) Importer(815301076,1909f56bfc062723c751e8b465ee728b)
Start importing Assets/Prefabs/Ghost Prefabs/Selector Ghost.prefab using Guid(65f24bb0c3e311d4e806d8573413193d) Importer(815301076,1909f56bfc062723c751e8b465ee728b)  -> (artifact id: 'c0c23e63466a9594463a675e370d599f') in 0.028298 seconds 
========================================================================
Received Import Request.
  Time since last request: 0.000036 seconds.
  path: Assets/Prefabs/Ghost Prefabs/Pointer.prefab
  artifactKey: Guid(782e65788fae43b4db1057e4cebfcd8b) Importer(815301076,1909f56bfc062723c751e8b465ee728b)
Start importing Assets/Prefabs/Ghost Prefabs/Pointer.prefab using Guid(782e65788fae43b4db1057e4cebfcd8b) Importer(815301076,1909f56bfc062723c751e8b465ee728b)  -> (artifact id: 'b8a5e89e0b677e4f6eeca9d68eba580e') in 0.015978 seconds 
========================================================================
Received Import Request.
  Time since last request: 0.000036 seconds.
  path: Assets/Prefabs/Ghost Prefabs/Selector.prefab
  artifactKey: Guid(7d9ea5e86c8d2024bbee1b51427a075a) Importer(815301076,1909f56bfc062723c751e8b465ee728b)
Start importing Assets/Prefabs/Ghost Prefabs/Selector.prefab using Guid(7d9ea5e86c8d2024bbee1b51427a075a) Importer(815301076,1909f56bfc062723c751e8b465ee728b)  -> (artifact id: '0eb7ab213149b50bca5607880a73d925') in 0.021149 seconds 
Editor requested this worker to shutdown with reason: Scaling down because of idle timeout
AssetImportWorker is now disconnected from the server
Process exiting
Exiting without the bug reporter. Application will terminate with return code 0